Case #1:
0.5
0.5
0.5
Case #2:
0.6458334
0.36805555
0.6041667
0.39583334
Case #3:
0.4870889
0.4287489
0.4866448
0.46354112
0.56195354
0.5386821
0.4034559
0.5548669
0.49973023
0.5493038
0.5632996
0.49342227
0.49213392
0.553422
0.54139936
0.56072146
0.51879036
0.43981138
0.5402753
0.5148783
0.4928767
0.4472191
0.5191594
0.49683267
0.5184216
0.42662168
0.52853686
0.5151494
0.5571875
0.4099766
0.4641961
0.5540085
0.48682082
0.4710865
0.49228048
0.5774352
0.53910583
0.517853
0.5435065
0.5158509
0.42542195
0.39905173
0.5013194
0.49192658
0.52731013
0.5539216
0.5530842
0.53710836
0.55987024
0.5174195
0.5472441
0.5266129
0.50656164
0.5045286
0.5390925
0.49950448
0.47459716
0.535668
0.4438961
0.49318975
0.5466432
0.4970559
0.5066532
0.53918046
0.39998323
0.5337143
0.47704554
0.5089606
0.4055608
0.5100916
0.51117384
0.49462688
0.5222846
0.50829506
0.54801106
0.41611964
0.529307
0.5030303
0.5055271
0.48240954
0.5183839
0.56654173
0.41983736
0.46293285
0.52777755
0.38197875
0.46963993
0.566833
0.38270876
0.52141047
0.41271895
0.45163152
0.450823
0.46651357
0.54901654
0.4267127
0.47029078
0.5208626
0.564811
0.49996543
Case #4:
0.44444448
0.5277778
0.5277778
0.5
0.45833337
0.375
0.5
0.5555556
0.5277778
0.5694444
0.48611113
0.5
0.5
0.51388896
0.5555556
0.47222227
0.5833333
0.5138889
0.3888889
Case #5:
0.49999994
0.5
0.49999994
0.49999994
0.49999994
0.49999988
0.49999988
0.49999985
0.49999994
0.49999994
0.49999988
0.49999994
0.49999994
0.49999988
0.49999994
0.49999988
0.49999988
0.49999988
0.49999994
0.49999988
0.49999988
0.49999994
0.49999988
0.49999994
0.49999988
0.49999988
0.49999988
0.49999988
0.49999988
0.49999988
0.49999988
0.49999994
0.49999988
0.49999988
0.49999985
0.49999994
0.49999994
0.49999988
0.49999994
0.49999994
0.49999988
0.49999988
0.49999988
0.49999985
0.49999988
0.49999988
0.49999994
0.49999994
0.49999985
0.49999994
0.49999988
0.49999988
0.49999988
0.49999985
0.49999994
0.49999988
0.49999982
0.49999988
0.49999994
0.49999994
0.49999985
0.49999994
0.49999988
0.49999994
0.49999994
0.49999988
0.49999988
0.49999988
0.49999988
0.49999994
0.49999994
0.49999994
0.49999988
0.49999994
0.49999988
0.49999988
0.49999994
0.49999988
0.49999994
0.49999994
0.49999994
0.49999994
0.49999994
0.49999988
0.49999994
0.49999994
0.49999994
0.49999985
0.49999994
0.49999988
0.49999982
0.49999988
0.49999994
0.49999985
0.49999982
0.49999988
0.49999985
0.49999994
0.49999994
Case #6:
0.50357974
0.5544483
0.5435445
0.51750165
0.47216204
0.46244007
0.47728273
0.51122254
0.6146288
0.41060883
0.53967404
0.45740166
0.5574084
0.5593598
0.44112283
0.5171323
0.42401928
0.54328465
0.5089385
0.47059247
0.47362956
0.52598447
0.5127842
0.5048549
0.4853528
0.52240163
0.556215
0.46217692
0.55672777
0.48267376
0.4844501
0.507776
0.5263504
0.49356928
0.4737524
0.49817866
0.529145
0.49314916
0.40947005
0.4246089
0.53130305
0.5553752
0.5189014
0.4932379
0.551124
0.5348944
0.40322626
0.43123
0.50763303
0.567076
0.51263
0.48144525
0.51073
0.48580557
0.5004342
0.49518323
0.54051334
0.61062795
0.52091765
0.42957795
0.5201149
0.53836673
0.45177722
0.45876634
0.53490573
0.52547777
0.45870784
0.52675647
0.40965
0.48907226
0.53834534
0.45848078
0.54219514
0.40791464
0.42294878
0.46259016
0.38919908
0.5024276
0.52583516
0.5373182
0.50520176
0.53419083
0.47176194
0.5621686
0.41419736
0.58406454
0.40756327
0.55604535
0.58722997
0.5249778
0.5243051
0.40548563
0.3974877
0.56802565
0.5017855
0.5199269
0.51547706
Case #7:
0.4036062
0.54754937
0.5380939
0.4478968
0.5327413
0.4884
0.41334787
0.5326289
0.5218958
0.5016154
0.5396747
0.53376895
0.45812201
0.5374447
0.55698687
0.43686235
0.5433363
0.41719073
0.5026098
0.50184274
0.5571619
0.5230413
0.52966255
0.4790465
0.5724836
0.5064289
0.6038055
0.46688697
0.51094764
0.4283491
0.44827574
0.5648124
0.4735025
0.48194152
0.54421073
0.5474567
0.4000208
0.5060717
0.48134136
0.48351613
0.46214244
0.42189017
0.58977175
0.432028
0.5389802
0.43638504
0.51820844
0.49711314
0.3629937
0.48189554
0.373977
0.561731
0.5368086
0.5028933
0.56020004
0.5401377
0.55768836
Case #8:
0.5065444
0.54459476
0.5636205
0.49024233
0.5441268
0.5392338
0.44447857
0.5155469
0.5230367
0.4554063
0.4606316
0.484373
0.53805155
0.5266
0.5313804
0.5092806
0.4752894
0.50053364
0.4461519
0.48787522
0.52923894
0.5565215
0.44793183
0.4700443
0.42228287
0.51169276
0.46919066
0.49009013
0.5322534
0.42415282
0.49812475
0.50117725
0.45262414
0.49744242
0.5654905
0.5482111
Case #9:
0.52604544
0.5932876
0.54016054
0.47426146
0.41483116
0.44610104
0.41636187
0.5004233
0.5043743
0.54393244
0.54357547
0.5217689
0.4178905
0.46022135
0.536202
0.42140928
0.39327088
0.50798666
0.5232769
0.5485595
0.56161124
0.4784668
0.52571696
0.5715029
0.540377
0.5146893
0.5257274
0.53646296
0.49126852
0.43211904
0.46746713
0.50779194
0.5090008
0.5148395
0.51241064
0.49874008
0.45292765
0.5355399
0.45888454
0.5933066
0.52998185
0.5686017
0.5019445
0.50951207
0.49397635
0.42704356
0.42102444
0.52669764
0.43219632
0.56142753
0.5075168
0.5670785
0.52653956
0.5089542
0.5359191
0.54071474
0.40740004
0.50928646
0.48787153
0.5058272
0.5486077
0.50754356
0.41669688
0.5182297
0.4952763
0.45972508
0.5189095
0.47130692
0.5309143
0.5058085
0.5477848
0.44705495
0.44009432
0.5552105
0.49119723
0.5086483
0.49077308
0.43225184
0.5041124
0.53886485
0.5289652
0.569111
0.544753
0.37721318
0.50796807
0.42333758
0.50599974
Case #10:
0.46338385
0.46843433
0.5669192
0.60227275
0.38005054
0.46085858
0.45833334
0.42297983
0.5820707
0.554293
0.4911616
0.59722227
0.54419196
0.61489904
0.38510105
0.48106062
0.47853535
0.42550507
0.50631315
0.41035354
0.57449496
0.55934346
0.54671717
0.4280303
0.49368685
0.4330808
0.5239899
0.3926768
0.5290404
0.5138889
0.61237377
0.52146465
0.48611113
0.5618687
0.6098485
0.41540405
0.45075756
0.40025252
0.6073233
0.50126266
0.44570708
0.55681825
0.49621215
0.51893944
0.5391414
0.4987374
0.6224748
0.40782827
0.3876263
0.564394
0.39520204
0.584596
0.4886364
0.5366162
0.45328283
0.4835859
0.57196975
0.604798
0.41287878
0.5088384
0.37500003
0.47095963
0.4027778
0.4659091
0.5037879
0.45580807
0.58712125
0.625
0.42045456
0.5113636
0.44318184
0.6199495
0.4356061
0.5770202
0.58964646
0.47348487
0.38257578
0.61742425
0.51641417
0.43055558
0.37752527
0.53409094
0.5694445
0.5921717
0.5416667
0.44823235
0.59974754
0.41792932
0.54924244
0.47601014
0.39015156
0.3977273
0.5795455
0.53156567
0.594697
0.4406566
0.5517677
0.43813133
0.40530306
0.5265152
Case #11:
0.625
0.6224748
0.6199495
0.6174243
0.61489904
0.61237377
0.6098485
0.6073233
0.604798
0.60227275
0.59974754
0.59722227
0.594697
0.5921717
0.5896465
0.58712125
0.584596
0.58207077
0.5795455
0.5770202
0.57449496
0.57196975
0.5694445
0.5669192
0.564394
0.5618687
0.55934346
0.55681825
0.554293
0.5517677
0.54924244
0.5467172
0.54419196
0.5416667
0.5391415
0.5366162
0.53409094
0.53156567
0.52904046
0.5265152
0.5239899
0.5214647
0.51893944
0.51641417
0.51388896
0.5113637
0.5088384
0.50631315
0.50378793
0.50126266
0.4987374
0.49621218
0.4936869
0.49116164
0.48863643
0.48611116
0.4835859
0.48106062
0.4785354
0.47601014
0.47348487
0.47095966
0.4684344
0.46590912
0.46338385
0.46085864
0.45833337
0.4558081
0.4532829
0.45075762
0.44823235
0.44570708
0.44318187
0.4406566
0.43813133
0.43560612
0.43308085
0.43055558
0.42803037
0.4255051
0.42297983
0.42045456
0.41792935
0.41540408
0.4128788
0.4103536
0.40782833
0.40530306
0.40277785
0.40025258
0.3977273
0.39520204
0.39267683
0.39015156
0.3876263
0.38510108
0.3825758
0.38005054
0.37752527
0.37500006
Case #12:
0.5068659
0.52181417
0.50569946
0.51663655
0.56090504
0.5365519
0.53267
0.51725954
0.56562036
0.41774783
0.4646569
0.43490857
0.5811231
0.4305189
0.52542096
0.51053596
0.4624453
0.5345339
0.51820654
0.515867
0.5015549
0.49227223
0.54202765
0.46268454
0.5352282
0.4859668
0.5386704
0.5211571
0.5266328
0.47300366
0.50104874
0.52721524
0.5253873
0.39427
0.53667396
0.47079456
0.49850896
0.5429262
0.39045
0.44637135
0.45281625
0.54065245
0.52472943
0.5322759
0.5277939
0.45690945
0.3848485
0.542846
0.5498071
0.5536821
0.4088165
0.4543006
Case #13:
0.50646746
0.57163835
0.53029263
0.52658296
0.51032186
0.5217536
0.42903042
0.49544683
0.49538308
0.39964038
0.55075765
0.4956775
0.45870155
0.43962014
0.50570565
0.52527565
0.46575108
0.4999723
0.5296345
0.45826036
0.48170227
0.42878413
0.51430506
0.54099464
0.45570242
0.4636144
0.55634165
0.5759102
0.5499733
0.47782153
0.5488043
0.47127104
0.53148985
0.4090328
0.50391245
0.56631184
0.40683377
0.53783554
0.5664638
0.45383558
0.42865402
0.50761425
0.53112036
0.48218948
0.54331934
0.5097223
0.4515921
0.39826083
0.4856561
0.54041857
0.51076484
0.5704344
0.54080194
Case #14:
0.50014377
0.46361884
0.49034882
0.50980854
0.50548774
0.55102533
0.46633488
0.51043206
0.50100064
0.53281224
0.42090896
0.43385094
0.41193295
0.50340897
0.4911032
0.55046576
0.5225518
0.5304283
0.50859195
0.45034122
0.49380377
0.51217175
0.48706353
0.4647344
0.52432185
0.5282111
0.5203484
0.5186425
0.41883507
0.49228877
0.5462547
0.5320408
0.5086447
0.51507676
0.5186634
0.45555532
0.509964
0.4826352
0.4778777
0.38313738
0.43092495
0.52113664
0.53714955
0.5089957
0.5382873
0.5072497
0.5693244
0.38380206
0.5546638
0.4966809
0.5599047
0.53259754
0.58048713
0.5110853
0.50560445
0.54696643
0.5310339
0.52201855
0.44441968
0.44502917
0.530648
Case #15:
0.4259471
0.5147432
0.4952538
0.55565965
0.51435876
0.42400545
0.4317706
0.55261683
0.54180384
0.41224128
0.49460444
0.5179037
0.40018338
0.515543
0.45970988
0.48162597
0.48536512
0.5182492
0.55570644
0.52667594
0.48743525
0.4750517
0.5344251
0.54441965
0.5089507
0.5562563
0.45707604
0.48408633
0.53753436
0.38869724
0.39535427
0.5372084
0.5388262
0.49424854
0.5587063
0.4808371
0.54643935
0.47228003
0.455881
0.55885065
0.43730205
0.530254
0.53124285
0.522519
0.5341755
0.4896667
0.4698231
0.50196975
0.39016253
0.5106363
0.504639
0.513306
0.5309518
0.5346103
0.5031832
0.56625056
0.51267344
0.5280381
0.52232736
0.4923325
0.5132936
0.53187996
0.50395197
0.4460701
0.50655895
0.47975188
0.5249318
0.54813206
0.52896994
0.4753911
0.5271761
0.46318227
0.53533983
0.46435973
0.44220495
0.5123558
0.4894734
0.5693426
0.5306634
0.38847986
0.4576118
0.5457748
0.5283708
0.53032714
0.44625038
0.5116548
0.53550947
0.4340092
0.5104241
0.5273425
0.53064144
0.4876846
0.49696967
0.43551022
0.519613
0.5559255
0.46931252
0.54520696
0.44765085
0.54065067
Case #16:
0.52288735
0.5683101
0.5149599
0.55253965
0.5796741
0.60834384
0.31320962
0.46253383
0.3925232
0.47934145
0.4710098
0.5313653
0.48257774
0.5067134
0.642
0.36914933
0.42491925
0.48003638
0.35922784
0.5764841
0.5228729
0.7018471
0.36901686
0.49277443
0.51572007
0.53757274
0.79057866
0.5699803
0.6325136
0.4961682
0.6987041
0.37163076
0.6427285
0.48070204
0.49992028
0.40531525
0.45170784
0.5280476
0.5899814
0.5122195
0.5854635
0.49207616
0.38121903
0.3499136
0.5858738
0.48720396
0.49655122
0.48859128
0.5478061
0.58833474
0.5028952
0.5487298
0.5010226
0.48874763
0.62736636
0.4999467
0.49206597
0.43892202
0.51987654
0.47109684
0.48349246
0.49098325
0.5157262
0.5365087
0.58509123
0.42901787
0.4341076
0.44046244
0.5539334
0.49073642
0.43560606
0.53866655
0.4827002
0.487832
0.39153883
0.55073255
0.50466204
0.5557594
0.341733
0.66836154
0.3663581
0.390399
0.40886086
0.44683915
0.4315736
0.54730356
0.4205287
0.8259889
0.51251864
0.53869146
0.6431422
Case #17:
0.506223
0.5268862
0.37690297
0.2745256
0.45444578
0.4369151
0.6911968
0.5355661
0.60573363
0.5111508
0.47496682
0.5377218
0.40030873
0.6787054
0.58494794
0.42512727
0.54468834
0.55402005
0.46117917
0.5266794
0.49151388
0.5669306
0.46647412
0.43600285
0.4253997
0.6110842
0.55532694
0.5320202
0.6266566
0.35207587
0.54071414
0.4658643
0.5782001
0.4001947
0.49766985
0.44019005
0.6176288
0.42435578
0.4786085
0.42674422
0.5070297
0.4200817
0.5078854
0.49778253
0.36083177
0.47593403
0.5125836
0.47306392
0.5910757
0.598958
Case #18:
0.38958335
0.578125
0.4166667
0.0625
0.2611111
0.46296299
0.70879626
0.5138889
0.72736114
0.6875
0.7291667
0.5208334
0.484375
0.41145834
0.6277778
0.28125
0.44270834
0.5
0.63125
0.11111112
0.4791667
0.39583334
0.22222222
0.37916666
0.6822917
0.5858333
0.33333334
0.4722222
0.328125
0.5555556
0.5555556
0.38020834
0.4548611
0.5291667
0.65625
0.3703704
0.5416667
0.55833334
0.640625
0.5370833
0.37222224
0.5625
0.46875
0.6319444
0.7239584
0.4861111
0.35416666
0.6782408
0.32020834
0.6796875
0.4791667
0.26666668
0.22916667
0.3854167
0.5
0.58833337
0.6180556
0.6032986
0.48437503
0.36111113
0.6041667
0.68333334
0.30208334
0.6770834
0.46354166
0.5138889
0.5638889
0.9131944
0.57777774
0.46875
0.33333334
0.475
0.5173611
0.44270834
0.33506945
0.3726852
0.6979167
0.85833335
0.40625
0.5104167
0.6493056
0.36666667
0.4803241
0.37319446
0.703125
0.625
0.5208334
0.5416667
0.5381944
0.59606487
0.25416666
0.6180556
0.40902779
0.55833334
0.4375
0.34722224
0.54513896
0.5416667
0.6319444
0.28472224
Case #19:
0.4588409
0.5357618
0.5197234
0.5011253
0.4028397
0.53323215
0.46157876
0.5165623
0.5766355
0.558239
0.49334198
0.527255
0.39701238
0.38083938
0.54023767
0.5401265
0.4858213
0.5629377
0.48108003
0.46826476
0.52145994
0.47261167
0.5481626
0.43524328
0.5191898
0.40826964
0.562726
0.5123529
0.44608107
0.50531167
0.5251614
0.552182
0.46605518
0.5788362
0.48804387
0.4472817
0.50696254
0.5424366
0.4033593
0.48467833
0.41888732
0.51809025
0.5540447
0.51353544
0.53349376
0.5792874
0.5300254
0.43911994
0.54221916
0.56833696
0.5263255
0.48810744
0.46340895
0.52602166
0.4465165
0.54416955
0.4734658
Case #20:
0.5101198
0.42181277
0.4248932
0.64534974
0.47388256
0.43492365
0.54613316
0.51247156
0.41751295
0.50482523
0.49938893
0.5016998
0.43153274
0.41745132
0.42737848
0.5357643
0.4039068
0.45018455
0.61993307
0.44397527
0.44411543
0.5140698
0.51737785
0.45233172
0.44606346
0.606585
0.44991007
0.6181696
0.5317469
0.56837016
0.48982662
0.56365573
0.6020786
0.6802877
0.39837763
0.52993095
0.46263883
0.39942658
0.57083964
0.50769067
0.5299602
0.46001735
0.42221782
0.66676277
0.43050367
0.36580604
