Case #1:
0.5
0.5
0.5
Case #2:
0.6458334
0.36805555
0.6041667
0.39583334
Case #3:
0.42476854
0.6944445
0.5
0.46296299
0.5052084
0.37847224
0.5616319
0.30555558
0.6414931
0.5
Case #4:
0.3298611
0.22222222
0.921875
0.5381945
0.6319444
0.3611111
0.6527778
0.2760417
Case #5:
0.2638889
0.73611116
0.5
0.7083333
0.2916667
Case #6:
0.57986116
0.5225695
0.6319444
0.6475694
0.22222222
0.31597224
Case #7:
0.6197917
0.5864583
0.33958334
0.54375
0.346875
0.5517361
Case #8:
0.5243056
0.5086806
0.55295146
0.46961808
0.4322917
0.4791667
Case #9:
0.45833334
0.625
0.375
0.5416667
Case #10:
0.5553737
0.5447718
0.37405425
0.46005952
0.513707
0.40728176
0.6031051
0.5504431
Case #11:
0.5
0.375
0.625
Case #12:
0.28125
0.41666666
0.25
0.96875
0.4166667
0.35416666
0.6875
0.44444445
0.5
0.78125
Case #13:
0.625
0.5972222
0.5694444
0.5416667
0.5138889
0.4861111
0.45833334
0.43055555
0.4027778
0.375
Case #14:
0.0
0.1875
0.25
0.5
0.75
0.8125
1.0
Case #15:
0.30208334
0.390625
0.17708334
0.6666667
0.7916667
0.7604167
0.5625
0.4513889
Case #16:
0.5972222
0.45833334
0.43055555
0.625
0.5416667
0.5138889
0.5694444
0.375
0.4861111
0.4027778
Case #17:
0.5591465
0.563396
0.41906026
0.43656814
0.45497063
0.50661916
0.5728719
0.50938606
0.56008345
0.37369037
Case #18:
0.4375
0.33333334
0.6875
0.671875
0.5
0.3541667
Case #19:
0.5
0.5
0.5
0.5
0.5
0.5
0.5
0.5
0.5
Case #20:
0.51101995
0.51959157
0.3728001
0.49976248
0.46010056
0.53892595
0.45553985
0.6467372
0.47420204
0.5364121
